<?xml version="1.0" encoding="UTF-8"?>
<!-- Generated by org.testng.reporters.JUnitXMLReporter -->
<testsuite hostname="DESKTOP-25BGUUL" ignored="0" name="Test" tests="2" failures="2" timestamp="2022-01-11T16:54:03 IST" time="8.24" errors="0">
  <testcase name="searchResultsForShoes" time="0.016" classname="com.flipkart.TravelTab">
    <failure type="java.lang.NullPointerException">
      <![CDATA[java.lang.NullPointerException
at com.flipcart.utility.Keyword.getWebElement(Keyword.java:93)
at com.flipcart.utility.Keyword.enterText(Keyword.java:88)
at com.flipkart.TravelTab.searchResultsForShoes(TravelTab.java:23)
at java.util.ArrayList.forEach(Unknown Source)
... Removed 27 stack frames]]>
    </failure>
  </testcase> <!-- searchResultsForShoes -->
  <testcase name="verifyErrorOnSelectingSameCitiesAsSourceAndDestination" time="8.167" classname="com.flipkart.TravelTab">
    <failure type="java.lang.IllegalMonitorStateException">
      <![CDATA[java.lang.IllegalMonitorStateException
at java.lang.Object.wait(Native Method)
at com.flipcart.utility.Keyword.waitFor(Keyword.java:103)
at com.flipkart.TravelTab.verifyErrorOnSelectingSameCitiesAsSourceAndDestination(TravelTab.java:13)
at java.util.ArrayList.forEach(Unknown Source)
... Removed 27 stack frames]]>
    </failure>
  </testcase> <!-- verifyErrorOnSelectingSameCitiesAsSourceAndDestination -->
</testsuite> <!-- Test -->
